<?xml version="1.0" encoding="UTF-8"?>
<!-- Generated by org.testng.reporters.JUnitReportReporter -->
<testsuite hostname="mylaptop" failures="0" tests="2" name="Test.RegistrationPageTest" time="12.741" errors="0" timestamp="12 May 2023 10:06:37 GMT" skipped="0">
  <testcase classname="Test.RegistrationPageTest" name="RegistrationPageTitleTest" time="5.901"/>
  <testcase classname="Test.RegistrationPageTest" name="UserRegistrationTest" time="6.840"/>
</testsuite> <!-- Test.RegistrationPageTest -->
