<?xml version="1.0" encoding="UTF-8"?>
<!-- Generated by org.testng.reporters.JUnitReportReporter -->
<testsuite hostname="mylaptop" failures="0" tests="2" name="Test.RegistrationPageTest" time="10.497" errors="0" timestamp="11 May 2023 10:49:57 GMT" skipped="0">
  <testcase classname="Test.RegistrationPageTest" name="RegistrationPageTitleTest" time="3.653"/>
  <testcase classname="Test.RegistrationPageTest" name="UserRegistrationTest" time="6.844"/>
</testsuite> <!-- Test.RegistrationPageTest -->
