<?xml version="1.0" encoding="UTF-8"?>
<!-- Generated by org.testng.reporters.JUnitReportReporter -->
<testsuite hostname="mylaptop" failures="0" tests="2" name="Test.RegistrationPageTest" time="12.170" errors="0" timestamp="12 May 2023 07:36:24 GMT" skipped="0">
  <testcase classname="Test.RegistrationPageTest" name="RegistrationPageTitleTest" time="3.710"/>
  <testcase classname="Test.RegistrationPageTest" name="UserRegistrationTest" time="8.460"/>
</testsuite> <!-- Test.RegistrationPageTest -->
